<?xml version="1.0" encoding="UTF-8"?>
<testng-results skipped="0" failed="0" ignored="0" total="1" passed="1">
  <reporter-output>
  </reporter-output>
  <suite name="Suite" duration-ms="24730" started-at="2020-09-23T04:54:23Z" finished-at="2020-09-23T04:54:48Z">
    <groups>
      <group name="regression">
        <method signature="TestNG002.amazon()[pri:0, instance:com.selenium.MavenProject_August9_30AMBatch.TestNG002@59717824]" name="amazon" class="com.selenium.MavenProject_August9_30AMBatch.TestNG002"/>
      </group> <!-- regression -->
      <group name="sanity">
        <method signature="TestNG002.amazon()[pri:0, instance:com.selenium.MavenProject_August9_30AMBatch.TestNG002@59717824]" name="amazon" class="com.selenium.MavenProject_August9_30AMBatch.TestNG002"/>
      </group> <!-- sanity -->
    </groups>
    <test name="Test" duration-ms="24730" started-at="2020-09-23T04:54:23Z" finished-at="2020-09-23T04:54:48Z">
      <class name="com.selenium.MavenProject_August9_30AMBatch.TestNG002">
        <test-method status="PASS" signature="startProcess(java.lang.String)[pri:0, instance:com.selenium.MavenProject_August9_30AMBatch.TestNG002@59717824]" name="startProcess" is-config="true" duration-ms="12816" started-at="2020-09-23T04:54:23Z" finished-at="2020-09-23T04:54:36Z">
          <params>
            <param index="0">
              <value>
                <![CDATA[chrome]]>
              </value>
            </param>
          </params>
          <reporter-output>
          </reporter-output>
        </test-method> <!-- startProcess -->
        <test-method status="PASS" signature="amazon()[pri:0, instance:com.selenium.MavenProject_August9_30AMBatch.TestNG002@59717824]" name="amazon" duration-ms="9399" started-at="2020-09-23T04:54:36Z" finished-at="2020-09-23T04:54:45Z">
          <reporter-output>
          </reporter-output>
        </test-method> <!-- amazon -->
        <test-method status="PASS" signature="endProcess()[pri:0, instance:com.selenium.MavenProject_August9_30AMBatch.TestNG002@59717824]" name="endProcess" is-config="true" duration-ms="2419" started-at="2020-09-23T04:54:45Z" finished-at="2020-09-23T04:54:48Z">
          <reporter-output>
          </reporter-output>
        </test-method> <!-- endProcess -->
      </class> <!-- com.selenium.MavenProject_August9_30AMBatch.TestNG002 -->
    </test> <!-- Test -->
  </suite> <!-- Suite -->
</testng-results>
